<?xml version="1.0" encoding="utf-8"?><testsuites><testsuite name="pytest" errors="0" failures="0" skipped="0" tests="2" time="22.207" timestamp="2024-11-26T02:00:36.834144+05:30" hostname="Ts-MacBook-Air"><testcase classname="testCases.test_Home.TestHomePage" name="test_Home_Page" time="14.182" /><testcase classname="testCases.test_Login.TestLogin" name="test_login" time="7.239" /></testsuite></testsuites>