<?xml version="1.0" encoding="utf-8"?><testsuites><testsuite name="pytest" errors="0" failures="0" skipped="0" tests="2" time="40.768" timestamp="2024-11-24T14:49:06.119009+05:30" hostname="192.168.1.18"><testcase classname="testCases.test_Admin.TestAdminPage" name="test_Admin_Page" time="30.379" /><testcase classname="testCases.test_Login.TestLogin" name="test_login" time="9.680" /></testsuite></testsuites>